{
  "RSpec": {
    "coverage": {
      "/Users/katie/Documents/workspace/larping-2019/app/models/user.rb": [
        null,
        null,
        1,
        null,
        null,
        1,
        null,
        null,
        null,
        1,
        1,
        1,
        null,
        1,
        1,
        0,
        0,
        0,
        0,
        null,
        null,
        null,
        null
      ],
      "/Users/katie/Documents/workspace/larping-2019/app/models/application_record.rb": [
        null,
        null,
        1,
        1,
        null
      ],
      "/Users/katie/Documents/workspace/larping-2019/app/helpers/addresses_helper.rb": [
        null,
        null,
        1,
        1,
        null
      ],
      "/Users/katie/Documents/workspace/larping-2019/app/helpers/application_helper.rb": [
        null,
        null,
        1,
        null
      ],
      "/Users/katie/Documents/workspace/larping-2019/app/helpers/character_helper.rb": [
        null,
        null,
        1,
        1,
        null,
        1,
        0,
        null,
        0,
        0,
        null,
        null,
        null,
        0,
        null,
        null,
        null
      ],
      "/Users/katie/Documents/workspace/larping-2019/app/helpers/home_helper.rb": [
        null,
        null,
        1,
        null
      ],
      "/Users/katie/Documents/workspace/larping-2019/app/helpers/larp_helper.rb": [
        null,
        null,
        1,
        1,
        0,
        null,
        0,
        null,
        null,
        1,
        0,
        null,
        0,
        null,
        null
      ],
      "/Users/katie/Documents/workspace/larping-2019/app/controllers/characters_controller.rb": [
        null,
        null,
        1,
        1,
        3,
        3,
        1,
        null,
        null,
        1,
        8,
        8,
        4,
        4,
        3,
        3,
        null,
        1,
        null,
        null,
        null,
        1,
        2,
        2,
        null,
        null,
        1,
        3,
        3,
        2,
        null,
        null,
        1,
        3,
        3,
        1,
        null,
        null,
        1,
        2,
        2,
        1,
        1,
        1,
        null,
        0,
        null,
        null,
        null,
        1,
        null,
        1,
        null,
        1,
        null,
        1,
        9,
        null,
        null,
        null,
        null,
        null,
        null
      ],
      "/Users/katie/Documents/workspace/larping-2019/app/controllers/application_controller.rb": [
        null,
        null,
        1,
        1,
        1,
        1,
        null,
        1,
        null,
        1,
        null,
        1,
        0,
        0,
        null,
        null,
        null,
        null,
        null,
        null,
        null,
        null,
        null,
        1,
        17,
        17,
        null,
        null
      ],
      "/Users/katie/Documents/workspace/larping-2019/app/controllers/home_controller.rb": [
        null,
        null,
        1,
        1,
        1,
        null,
        null
      ],
      "/Users/katie/Documents/workspace/larping-2019/app/controllers/larps_controller.rb": [
        null,
        null,
        1,
        1,
        1,
        1,
        null,
        null,
        1,
        2,
        2,
        1,
        1,
        null,
        null,
        1,
        2,
        2,
        1,
        1,
        1,
        1,
        null,
        0,
        0,
        null,
        null,
        null,
        1,
        1,
        1,
        null,
        null,
        1,
        2,
        2,
        2,
        1,
        null,
        null,
        1,
        3,
        3,
        1,
        1,
        1,
        null,
        0,
        null,
        null,
        null,
        1,
        2,
        2,
        1,
        1,
        null,
        null,
        1,
        null,
        1,
        3,
        null,
        null,
        null,
        null,
        null,
        null,
        null,
        null,
        null
      ],
      "/Users/katie/Documents/workspace/larping-2019/app/controllers/users_controller.rb": [
        null,
        null,
        1,
        1,
        1,
        1,
        null,
        null
      ],
      "/Users/katie/Documents/workspace/larping-2019/app/models/address.rb": [
        null,
        null,
        1,
        1,
        1,
        null
      ],
      "/Users/katie/Documents/workspace/larping-2019/app/models/larp.rb": [
        null,
        null,
        1,
        1,
        1,
        1,
        null,
        1,
        1,
        1,
        null,
        1,
        3,
        null,
        2,
        null,
        null,
        1,
        2,
        null,
        null,
        1,
        1,
        null,
        null
      ],
      "/Users/katie/Documents/workspace/larping-2019/app/models/character.rb": [
        null,
        null,
        1,
        1,
        null,
        1,
        null
      ],
      "/Users/katie/Documents/workspace/larping-2019/app/policies/character_policy.rb": [
        null,
        null,
        1,
        1,
        3,
        null,
        null,
        1,
        8,
        null,
        null,
        1,
        3,
        null,
        null,
        1,
        2,
        null,
        null,
        1,
        3,
        null,
        null,
        1,
        2,
        null,
        null,
        1,
        21,
        21,
        null,
        null,
        1,
        null,
        1,
        13,
        null,
        null,
        1,
        19,
        null,
        null
      ],
      "/Users/katie/Documents/workspace/larping-2019/app/policies/application_policy.rb": [
        null,
        null,
        1,
        1,
        null,
        1,
        0,
        0,
        null,
        null,
        1,
        1,
        null,
        null,
        1,
        1,
        null,
        null,
        1,
        0,
        null,
        null,
        1,
        0,
        null,
        null,
        1,
        0,
        null,
        null,
        1,
        0,
        null,
        null,
        1,
        0,
        null,
        null,
        1,
        1,
        null,
        1,
        0,
        0,
        null,
        null,
        1,
        0,
        null,
        null,
        null
      ],
      "/Users/katie/Documents/workspace/larping-2019/app/policies/larp_policy.rb": [
        null,
        null,
        1,
        1,
        2,
        null,
        null,
        1,
        2,
        null,
        null,
        1,
        2,
        null,
        null,
        1,
        3,
        null,
        null,
        1,
        2,
        null,
        null,
        1,
        13,
        13,
        null,
        null,
        1,
        7,
        null,
        null,
        1,
        7,
        null,
        null
      ],
      "/Users/katie/Documents/workspace/larping-2019/app/mailers/application_mailer.rb": [
        null,
        null,
        0,
        0,
        0,
        0
      ],
      "/Users/katie/Documents/workspace/larping-2019/app/policies/user_policy.rb": [
        null,
        null,
        0,
        0,
        0,
        0,
        0
      ],
      "/Users/katie/Documents/workspace/larping-2019/app/jobs/application_job.rb": [
        null,
        null,
        0,
        0
      ],
      "/Users/katie/Documents/workspace/larping-2019/app/controllers/address_controller.rb": [
        null,
        null,
        0,
        0,
        null,
        0,
        0,
        0,
        0
      ],
      "/Users/katie/Documents/workspace/larping-2019/app/controllers/users/omniauth_controller.rb": [
        null,
        null,
        0,
        0,
        0,
        null,
        0,
        0,
        null,
        0,
        0,
        null,
        0,
        0,
        null,
        0,
        null,
        0,
        0,
        0,
        0,
        0,
        0,
        0,
        0,
        0,
        0,
        0
      ],
      "/Users/katie/Documents/workspace/larping-2019/app/channels/application_cable/connection.rb": [
        null,
        null,
        0,
        0,
        0,
        0
      ],
      "/Users/katie/Documents/workspace/larping-2019/app/channels/application_cable/channel.rb": [
        null,
        null,
        0,
        0,
        0,
        0
      ]
    },
    "timestamp": 1572443067
  }
}
